<?xml version="1.0" encoding="UTF-8"?>
<!-- Generated by org.testng.reporters.JUnitReportReporter -->
<testsuite skipped="0" hostname="Ahmeds-MBP.home" name="searchTest.SearchTest" tests="1" failures="0" timestamp="2019-01-07T19:20:24 EST" time="2.817" errors="0">
  <testcase name="test1" time="2.817" classname="searchTest.SearchTest"/>
</testsuite> <!-- searchTest.SearchTest -->
